<?xml version="1.0" encoding="UTF-8"?>
<!-- Generated by org.testng.reporters.JUnitReportReporter -->
<testsuite hostname="Sushmitha" failures="0" tests="1" name="ecommerce.Demo" time="2.322" errors="0" timestamp="2024-12-19T12:27:36 IST" skipped="0">
  <testcase classname="ecommerce.Demo" name="test" time="2.322"/>
</testsuite> <!-- ecommerce.Demo -->
