<?xml version="1.0" encoding="UTF-8"?>
<!-- Generated by org.testng.reporters.JUnitReportReporter -->
<testsuite hostname="Sushmitha" failures="0" tests="1" name="ecommerce.JDBC" time="0.201" errors="0" timestamp="2024-12-18T11:47:03 IST" skipped="0">
  <testcase classname="ecommerce.JDBC" name="data" time="0.201"/>
</testsuite> <!-- ecommerce.JDBC -->
