<?xml version="1.0" encoding="UTF-8"?>
<!-- Generated by org.testng.reporters.JUnitReportReporter -->
<testsuite hostname="Sushmitha" failures="0" tests="1" name="ecommerce.Demo1" time="1.896" errors="0" timestamp="2024-12-19T12:28:43 IST" skipped="0">
  <testcase classname="ecommerce.Demo1" name="test" time="1.896"/>
</testsuite> <!-- ecommerce.Demo1 -->
